2022-06-07 17:42:36 [scrapy] DEBUG: Redirecting (302) to <GET https://image.so.com/> from <GET http://image.so.com/>
2022-06-07 17:42:37 [scrapy] DEBUG: Crawled (200) <GET https://image.so.com/> (referer: None)
2022-06-07 17:42:37 [scrapy] ERROR: Spider error processing <GET https://image.so.com/> (referer: None)
Traceback (most recent call last):
  File "d:\python\python 3.7.3\lib\site-packages\scrapy\utils\defer.py", line 132, in iter_errback
    yield next(it)
  File "d:\python\python 3.7.3\lib\site-packages\scrapy\utils\python.py", line 354, in __next__
    return next(self.data)
  File "d:\python\python 3.7.3\lib\site-packages\scrapy\utils\python.py", line 354, in __next__
    return next(self.data)
  File "d:\python\python 3.7.3\lib\site-packages\scrapy\core\spidermw.py", line 66, in _evaluate_iterable
    for r in iterable:
  File "d:\python\python 3.7.3\lib\site-packages\scrapy\spidermiddlewares\offsite.py", line 29, in process_spider_output
    for x in result:
  File "d:\python\python 3.7.3\lib\site-packages\scrapy\core\spidermw.py", line 66, in _evaluate_iterable
    for r in iterable:
  File "d:\python\python 3.7.3\lib\site-packages\scrapy\spidermiddlewares\referer.py", line 342, in <genexpr>
    return (_set_referer(r) for r in result or ())
  File "d:\python\python 3.7.3\lib\site-packages\scrapy\core\spidermw.py", line 66, in _evaluate_iterable
    for r in iterable:
  File "d:\python\python 3.7.3\lib\site-packages\scrapy\spidermiddlewares\urllength.py", line 40, in <genexpr>
    return (r for r in result or () if _filter(r))
  File "d:\python\python 3.7.3\lib\site-packages\scrapy\core\spidermw.py", line 66, in _evaluate_iterable
    for r in iterable:
  File "d:\python\python 3.7.3\lib\site-packages\scrapy\spidermiddlewares\depth.py", line 58, in <genexpr>
    return (r for r in result or () if _filter(r))
  File "d:\python\python 3.7.3\lib\site-packages\scrapy\core\spidermw.py", line 66, in _evaluate_iterable
    for r in iterable:
  File "D:\Python\python2020\PyCharm 2018.1.4\location\scrapy_demo1\images360\images360\spiders\image.py", line 26, in parse
    results = json.loads(response.text).get('list')
  File "d:\python\python 3.7.3\lib\json\__init__.py", line 348, in loads
    return _default_decoder.decode(s)
  File "d:\python\python 3.7.3\lib\json\decoder.py", line 337, in decode
    obj, end = self.raw_decode(s, idx=_w(s, 0).end())
  File "d:\python\python 3.7.3\lib\json\decoder.py", line 355, in raw_decode
    raise JSONDecodeError("Expecting value", s, err.value) from None
json.decoder.JSONDecodeError: Expecting value: line 1 column 1 (char 0)
2022-06-07 17:42:37 [scrapy] INFO: Closing spider (finished)
2022-06-07 17:42:37 [scrapy] INFO: Dumping Scrapy stats:
{'downloader/request_bytes': 640,
 'downloader/request_count': 2,
 'downloader/request_method_count/GET': 2,
 'downloader/response_bytes': 48348,
 'downloader/response_count': 2,
 'downloader/response_status_count/200': 1,
 'downloader/response_status_count/302': 1,
 'elapsed_time_seconds': 2.559758,
 'finish_reason': 'finished',
 'finish_time': datetime.datetime(2022, 6, 7, 9, 42, 37, 887836),
 'httpcompression/response_bytes': 148170,
 'httpcompression/response_count': 1,
 'log_count/DEBUG': 4,
 'log_count/ERROR': 1,
 'log_count/INFO': 9,
 'log_count/WARNING': 2,
 'response_received_count': 1,
 'scheduler/dequeued': 2,
 'scheduler/dequeued/memory': 2,
 'scheduler/enqueued': 2,
 'scheduler/enqueued/memory': 2,
 'spider_exceptions/JSONDecodeError': 1,
 'start_time': datetime.datetime(2022, 6, 7, 9, 42, 35, 328078)}
2022-06-07 17:42:37 [scrapy] INFO: Spider closed (finished)
