[INFO  - 2022-06-08T09:23:27.184Z] GhostDriver - Main - running on port 51564
[INFO  - 2022-06-08T09:23:27.682Z] Session [a77354e0-e70c-11ec-928d-c1e2ba536491] - page.settings - {"XSSAuditingEnabled":false,"javascriptCanCloseWindows":true,"javascriptCanOpenWindows":true,"javascriptEnabled":true,"loadImages":false,"localToRemoteUrlAccessEnabled":false,"userAgent":"Mozilla/5.0 (Windows NT 6.2; WOW64) AppleWebKit/538.1 (KHTML, like Gecko) PhantomJS/2.1.1 Safari/538.1","webSecurityEnabled":true}
[INFO  - 2022-06-08T09:23:27.683Z] Session [a77354e0-e70c-11ec-928d-c1e2ba536491] - page.customHeaders:  - {}
[INFO  - 2022-06-08T09:23:27.683Z] Session [a77354e0-e70c-11ec-928d-c1e2ba536491] - Session.negotiatedCapabilities - {"browserName":"phantomjs","version":"2.1.1","driverName":"ghostdriver","driverVersion":"1.2.0","platform":"windows-10-32bit","javascriptEnabled":true,"takesScreenshot":true,"handlesAlerts":false,"databaseEnabled":false,"locationContextEnabled":false,"applicationCacheEnabled":false,"browserConnectionEnabled":false,"cssSelectorsEnabled":true,"webStorageEnabled":false,"rotatable":false,"acceptSslCerts":false,"nativeEvents":true,"proxy":{"proxyType":"direct"}}
[INFO  - 2022-06-08T09:23:27.683Z] SessionManagerReqHand - _postNewSessionCommand - New Session Created: a77354e0-e70c-11ec-928d-c1e2ba536491
[ERROR - 2022-06-08T09:23:33.075Z] Session [a77354e0-e70c-11ec-928d-c1e2ba536491] - page.onError - msg: ReferenceError: Can't find variable: Audio

  phantomjs://platform/console++.js:263 in error
[ERROR - 2022-06-08T09:23:33.076Z] Session [a77354e0-e70c-11ec-928d-c1e2ba536491] - page.onError - stack:
  (anonymous function) (https://static.360buyimg.com/item/assets/oldman/wza1/aria.js?appid=bfeaebea192374ec1f220455f8d5f952:1)
  o (https://static.360buyimg.com/item/assets/oldman/wza1/aria.js?appid=bfeaebea192374ec1f220455f8d5f952:1)
  (anonymous function) (https://static.360buyimg.com/item/assets/oldman/wza1/aria.js?appid=bfeaebea192374ec1f220455f8d5f952:1)
  o (https://static.360buyimg.com/item/assets/oldman/wza1/aria.js?appid=bfeaebea192374ec1f220455f8d5f952:1)
  (anonymous function) (https://static.360buyimg.com/item/assets/oldman/wza1/aria.js?appid=bfeaebea192374ec1f220455f8d5f952:1)
  o (https://static.360buyimg.com/item/assets/oldman/wza1/aria.js?appid=bfeaebea192374ec1f220455f8d5f952:1)
  (anonymous function) (https://static.360buyimg.com/item/assets/oldman/wza1/aria.js?appid=bfeaebea192374ec1f220455f8d5f952:1)
  o (https://static.360buyimg.com/item/assets/oldman/wza1/aria.js?appid=bfeaebea192374ec1f220455f8d5f952:1)
  (anonymous function) (https://static.360buyimg.com/item/assets/oldman/wza1/aria.js?appid=bfeaebea192374ec1f220455f8d5f952:1)
  o (https://static.360buyimg.com/item/assets/oldman/wza1/aria.js?appid=bfeaebea192374ec1f220455f8d5f952:1)
  (anonymous function) (https://static.360buyimg.com/item/assets/oldman/wza1/aria.js?appid=bfeaebea192374ec1f220455f8d5f952:1)

  phantomjs://platform/console++.js:263 in error
[ERROR - 2022-06-08T09:23:51.029Z] Session [a77354e0-e70c-11ec-928d-c1e2ba536491] - page.onError - msg: ReferenceError: Can't find variable: Audio

  phantomjs://platform/console++.js:263 in error
[ERROR - 2022-06-08T09:23:51.029Z] Session [a77354e0-e70c-11ec-928d-c1e2ba536491] - page.onError - stack:
  (anonymous function) (https://static.360buyimg.com/item/assets/oldman/wza1/aria.js?appid=bfeaebea192374ec1f220455f8d5f952:1)
  o (https://static.360buyimg.com/item/assets/oldman/wza1/aria.js?appid=bfeaebea192374ec1f220455f8d5f952:1)
  (anonymous function) (https://static.360buyimg.com/item/assets/oldman/wza1/aria.js?appid=bfeaebea192374ec1f220455f8d5f952:1)
  o (https://static.360buyimg.com/item/assets/oldman/wza1/aria.js?appid=bfeaebea192374ec1f220455f8d5f952:1)
  (anonymous function) (https://static.360buyimg.com/item/assets/oldman/wza1/aria.js?appid=bfeaebea192374ec1f220455f8d5f952:1)
  o (https://static.360buyimg.com/item/assets/oldman/wza1/aria.js?appid=bfeaebea192374ec1f220455f8d5f952:1)
  (anonymous function) (https://static.360buyimg.com/item/assets/oldman/wza1/aria.js?appid=bfeaebea192374ec1f220455f8d5f952:1)
  o (https://static.360buyimg.com/item/assets/oldman/wza1/aria.js?appid=bfeaebea192374ec1f220455f8d5f952:1)
  (anonymous function) (https://static.360buyimg.com/item/assets/oldman/wza1/aria.js?appid=bfeaebea192374ec1f220455f8d5f952:1)
  o (https://static.360buyimg.com/item/assets/oldman/wza1/aria.js?appid=bfeaebea192374ec1f220455f8d5f952:1)
  (anonymous function) (https://static.360buyimg.com/item/assets/oldman/wza1/aria.js?appid=bfeaebea192374ec1f220455f8d5f952:1)

  phantomjs://platform/console++.js:263 in error
[ERROR - 2022-06-08T09:23:57.894Z] Session [a77354e0-e70c-11ec-928d-c1e2ba536491] - page.onError - msg: ReferenceError: Can't find variable[INFO  - 2022-06-08T09:27:25.575Z] SessionManagerReqHand - _cleanupWindowlessSessions - Asynchronous Sessions clean-up phase starting NOW
[INFO  - 2022-06-08T09:32:25.577Z] SessionManagerReqHand - _cleanupWindowlessSessions - Asynchronous Sessions clean-up phase starting NOW
[INFO  - 2022-06-08T09:37:25.577Z] SessionManagerReqHand - _cleanupWindowlessSessions - Asynchronous Sessions clean-up phase starting NOW
[INFO  - 2022-06-08T09:42:25.576Z] SessionManagerReqHand - _cleanupWindowlessSessions - Asynchronous Sessions clean-up phase starting NOW
[INFO  - 2022-06-08T09:47:25.576Z] SessionManagerReqHand - _cleanupWindowlessSessions - Asynchronous Sessions clean-up phase starting NOW
[INFO  - 2022-06-08T09:52:25.576Z] SessionManagerReqHand - _cleanupWindowlessSessions - Asynchronous Sessions clean-up phase starting NOW
[INFO  - 2022-06-08T09:57:25.577Z] SessionManagerReqHand - _cleanupWindowlessSessions - Asynchronous Sessions clean-up phase starting NOW
[INFO  - 2022-06-08T10:02:25.577Z] SessionManagerReqHand - _cleanupWindowlessSessions - Asynchronous Sessions clean-up phase starting NOW
[INFO  - 2022-06-08T10:07:25.577Z] SessionManagerReqHand - _cleanupWindowlessSessions - Asynchronous Sessions clean-up phase starting NOW
[INFO  - 2022-06-08T10:12:25.578Z] SessionManagerReqHand - _cleanupWindowlessSessions - Asynchronous Sessions clean-up phase starting NOW
[INFO  - 2022-06-08T10:17:25.577Z] SessionManagerReqHand - _cleanupWindowlessSessions - Asynchronous Sessions clean-up phase starting NOW
[INFO  - 2022-06-08T10:22:25.578Z] SessionManagerReqHand - _cleanupWindowlessSessions - Asynchronous Sessions clean-up phase starting NOW
[INFO  - 2022-06-08T10:26:16.983Z] SessionManagerReqHand - _cleanupWindowlessSessions - Asynchronous Sessions clean-up phase starting NOW
536491] - page.onError - stack:
  (anonymous function) (https://static.360buyimg.com/item/assets/oldman/wza1/aria.js?appid=bfeaebea192374ec1f220455f8d5f952:1)
  o (https://static.360buyimg.com/item/assets/oldman/wza1/aria.js?appid=bfeaebea192374ec1f220455f8d5f952:1)
  (anonymous function) (https://static.360buyimg.com/item/assets/oldman/wza1/aria.js?appid=bfeaebea192374ec1f220455f8d5f952:1)
  o (https://static.360buyimg.com/item/assets/oldman/wza1/aria.js?appid=bfeaebea192374ec1f220455f8d5f952:1)
  (anonymous function) (https://static.360buyimg.com/item/assets/oldman/wza1/aria.js?appid=bfeaebea192374ec1f220455f8d5f952:1)
  o (https://static.360buyimg.com/item/assets/oldman/wza1/aria.js?appid=bfeaebea192374ec1f220455f8d5f952:1)
  (anonymous function) (https://static.360buyimg.com/item/assets/oldman/wza1/aria.js?appid=bfeaebea192374ec1f220455f8d5f952:1)
  o (https://static.360buyimg.com/item/assets/oldman/wza1/aria.js?appid=bfeaebea192374ec1f220455f8d5f952:1)
  (anonymous function) (https://static.360buyimg.com/item/assets/oldman/wza1/aria.js?appid=bfeaebea192374ec1f220455f8d5f952:1)
  o (https://static.360buyimg.com/item/assets/oldman/wza1/aria.js?appid=bfeaebea192374ec1f220455f8d5f952:1)
  (anonymous function) (https://static.360buyimg.com/item/assets/oldman/wza1/aria.js?appid=bfeaebea192374ec1f220455f8d5f952:1)

  phantomjs://platform/console++.js:263 in error
[ERROR - 2022-06-08T09:24:13.677Z] Session [a77354e0-e70c-11ec-928d-c1e2ba536491] - page.onError - msg: ReferenceError: Can't find variable: Audio

  phantomjs://platform/console++.js:263 in error
[ERROR - 2022-06-08T09:24:13.678Z] Session [a77354e0-e70c-11ec-928d-c1e2ba536491] - page.onError - stack:
  (anonymous function) (https://static.360buyimg.com/item/assets/oldman/wza1/aria.js?appid=bfeaebea192374ec1f220455f8d5f952:1)
  o (https://static.360buyimg.com/item/assets/oldman/wza1/aria.js?appid=bfeaebea192374ec1f220455f8d5f952:1)
  (anonymous function) (https://static.360buyimg.com/item/assets/oldman/wza1/aria.js?appid=bfeaebea192374ec1f220455f8d5f952:1)
  o (https://static.360buyimg.com/item/assets/oldman/wza1/aria.js?appid=bfeaebea192374ec1f220455f8d5f952:1)
  (anonymous function) (https://static.360buyimg.com/item/assets/oldman/wza1/aria.js?appid=bfeaebea192374ec1f220455f8d5f952:1)
  o (https://static.360buyimg.com/item/assets/oldman/wza1/aria.js?appid=bfeaebea192374ec1f220455f8d5f952:1)
  (anonymous function) (https://static.360buyimg.com/item/assets/oldman/wza1/aria.js?appid=bfeaebea192374ec1f220455f8d5f952:1)
  o (https://static.360buyimg.com/item/assets/oldman/wza1/aria.js?appid=bfeaebea192374ec1f220455f8d5f952:1)
  (anonymous function) (https://static.360buyimg.com/item/assets/oldman/wza1/aria.js?appid=bfeaebea192374ec1f220455f8d5f952:1)
  o (https://static.360buyimg.com/item/assets/oldman/wza1/aria.js?appid=bfeaebea192374ec1f220455f8d5f952:1)
  (anonymous function) (https://static.360buyimg.com/item/assets/oldman/wza1/aria.js?appid=bfeaebea192374ec1f220455f8d5f952:1)

  phantomjs://platform/console++.js:263 in error
[ERROR - 2022-06-08T09:24:21.862Z] Session [a77354e0-e70c-11ec-928d-c1e2ba536491] - page.onError - msg: ReferenceError: Can't find variable: Audio

  phantomjs://platform/console++.js:263 in error
[ERROR - 2022-06-08T09:24:21.862Z] Session [a77354e0-e70c-11ec-928d-c1e2ba536491] - page.onError - stack:
  (anonymous function) (https://static.360buyimg.com/item/assets/oldman/wza1/aria.js?appid=bfeaebea192374ec1f220455f8d5f952:1)
  o (https://static.360buyimg.com/item/assets/oldman/wza1/aria.js?appid=bfeaebea192374ec1f220455f8d5f952:1)
  (anonymous function) (https://static.360buyimg.com/item/assets/oldman/wza1/aria.js?appid=bfeaebea192374ec1f220455f8d5f952:1)
  o (https://static.360buyimg.com/item/assets/oldman/wza1/aria.js?appid=bfeaebea192374ec1f220455f8d5f952:1)
  (anonymous function) (https://static.360buyimg.com/item/assets/oldman/wza1/aria.js?appid=bfeaebea192374ec1f220455f8d5f952:1)
  o (https://static.360buyimg.com/item/assets/oldman/wza1/aria.js?appid=bfeaebea192374ec1f220455f8d5f952:1)
  (anonymous function) (https://static.360buyimg.com/item/assets/oldman/wza1/aria.js?appid=bfeaebea192374ec1f220455f8d5f952:1)
  o (https://static.360buyimg.com/item/assets/oldman/wza1/aria.js?appid=bfeaebea192374ec1f220455f8d5f952:1)
  (anonymous function) (https://static.360buyimg.com/item/assets/oldman/wza1/aria.js?appid=bfeaebea192374ec1f220455f8d5f952:1)
  o (https://static.360buyimg.com/item/assets/oldman/wza1/aria.js?appid=bfeaebea192374ec1f220455f8d5f952:1)
  (anonymous function) (https://static.360buyimg.com/item/assets/oldman/wza1/aria.js?appid=bfeaebea192374ec1f220455f8d5f952:1)

  phantomjs://platform/console++.js:263 in error
[ERROR - 2022-06-08T09:24:35.992Z] Session [a77354e0-e70c-11ec-928d-c1e2ba536491] - page.onError - msg: ReferenceError: Can't find variable: Audio

  phantomjs://platform/console++.js:263 in error
[ERROR - 2022-06-08T09:24:35.992Z] Session [a77354e0-e70c-11ec-928d-c1e2ba536491] - page.onError - stack:
  (anonymous function) (https://static.360buyimg.com/item/assets/oldman/wza1/aria.js?appid=bfeaebea192374ec1f220455f8d5f952:1)
  o (https://static.360buyimg.com/item/assets/oldman/wza1/aria.js?appid=bfeaebea192374ec1f220455f8d5f952:1)
  (anonymous function) (https://static.360buyimg.com/item/assets/oldman/wza1/aria.js?appid=bfeaebea192374ec1f220455f8d5f952:1)
  o (https://static.360buyimg.com/item/assets/oldman/wza1/aria.js?appid=bfeaebea192374ec1f220455f8d5f952:1)
  (anonymous function) (https://static.360buyimg.com/item/assets/oldman/wza1/aria.js?appid=bfeaebea192374ec1f220455f8d5f952:1)
  o (https://static.360buyimg.com/item/assets/oldman/wza1/aria.js?appid=bfeaebea192374ec1f220455f8d5f952:1)
  (anonymous function) (https://static.360buyimg.com/item/assets/oldman/wza1/aria.js?appid=bfeaebea192374ec1f220455f8d5f952:1)
  o (https://static.360buyimg.com/item/assets/oldman/wza1/aria.js?appid=bfeaebea192374ec1f220455f8d5f952:1)
  (anonymous function) (https://static.360buyimg.com/item/assets/oldman/wza1/aria.js?appid=bfeaebea192374ec1f220455f8d5f952:1)
  o (https://static.360buyimg.com/item/assets/oldman/wza1/aria.js?appid=bfeaebea192374ec1f220455f8d5f952:1)
  (anonymous function) (https://static.360buyimg.com/item/assets/oldman/wza1/aria.js?appid=bfeaebea192374ec1f220455f8d5f952:1)

  phantomjs://platform/console++.js:263 in error
[ERROR - 2022-06-08T09:24:49.327Z] Session [a77354e0-e70c-11ec-928d-c1e2ba536491] - page.onError - msg: ReferenceError: Can't find variable: Audio

  phantomjs://platform/console++.js:263 in error
[ERROR - 2022-06-08T09:24:49.327Z] Session [a77354e0-e70c-11ec-928d-c1e2ba536491] - page.onError - stack:
  (anonymous function) (https://static.360buyimg.com/item/assets/oldman/wza1/aria.js?appid=bfeaebea192374ec1f220455f8d5f952:1)
  o (https://static.360buyimg.com/item/assets/oldman/wza1/aria.js?appid=bfeaebea192374ec1f220455f8d5f952:1)
  (anonymous function) (https://static.360buyimg.com/item/assets/oldman/wza1/aria.js?appid=bfeaebea192374ec1f220455f8d5f952:1)
  o (https://static.360buyimg.com/item/assets/oldman/wza1/aria.js?appid=bfeaebea192374ec1f220455f8d5f952:1)
  (anonymous function) (https://static.360buyimg.com/item/assets/oldman/wza1/aria.js?appid=bfeaebea192374ec1f220455f8d5f952:1)
  o (https://static.360buyimg.com/item/assets/oldman/wza1/aria.js?appid=bfeaebea192374ec1f220455f8d5f952:1)
  (anonymous function) (https://static.360buyimg.com/item/assets/oldman/wza1/aria.js?appid=bfeaebea192374ec1f220455f8d5f952:1)
  o (https://static.360buyimg.com/item/assets/oldman/wza1/aria.js?appid=bfeaebea192374ec1f220455f8d5f952:1)
  (anonymous function) (https://static.360buyimg.com/item/assets/oldman/wza1/aria.js?appid=bfeaebea192374ec1f220455f8d5f952:1)
  o (https://static.360buyimg.com/item/assets/oldman/wza1/aria.js?appid=bfeaebea192374ec1f220455f8d5f952:1)
  (anonymous function) (https://static.360buyimg.com/item/assets/oldman/wza1/aria.js?appid=bfeaebea192374ec1f220455f8d5f952:1)

  phantomjs://platform/console++.js:263 in error
[ERROR - 2022-06-08T09:25:03.846Z] Session [a77354e0-e70c-11ec-928d-c1e2ba536491] - page.onError - msg: ReferenceError: Can't find variable: Audio

  phantomjs://platform/console++.js:263 in error
[ERROR - 2022-06-08T09:25:03.846Z] Session [a77354e0-e70c-11ec-928d-c1e2ba536491] - page.onError - stack:
  (anonymous function) (https://static.360buyimg.com/item/assets/oldman/wza1/aria.js?appid=bfeaebea192374ec1f220455f8d5f952:1)
  o (https://static.360buyimg.com/item/assets/oldman/wza1/aria.js?appid=bfeaebea192374ec1f220455f8d5f952:1)
  (anonymous function) (https://static.360buyimg.com/item/assets/oldman/wza1/aria.js?appid=bfeaebea192374ec1f220455f8d5f952:1)
  o (https://static.360buyimg.com/item/assets/oldman/wza1/aria.js?appid=bfeaebea192374ec1f220455f8d5f952:1)
  (anonymous function) (https://static.360buyimg.com/item/assets/oldman/wza1/aria.js?appid=bfeaebea192374ec1f220455f8d5f952:1)
  o (https://static.360buyimg.com/item/assets/oldman/wza1/aria.js?appid=bfeaebea192374ec1f220455f8d5f952:1)
  (anonymous function) (https://static.360buyimg.com/item/assets/oldman/wza1/aria.js?appid=bfeaebea192374ec1f220455f8d5f952:1)
  o (https://static.360buyimg.com/item/assets/oldman/wza1/aria.js?appid=bfeaebea192374ec1f220455f8d5f952:1)
  (anonymous function) (https://static.360buyimg.com/item/assets/oldman/wza1/aria.js?appid=bfeaebea192374ec1f220455f8d5f952:1)
  o (https://static.360buyimg.com/item/assets/oldman/wza1/aria.js?appid=bfeaebea192374ec1f220455f8d5f952:1)
  (anonymous function) (https://static.360buyimg.com/item/assets/oldman/wza1/aria.js?appid=bfeaebea192374ec1f220455f8d5f952:1)

  phantomjs://platform/console++.js:263 in error
[ERROR - 2022-06-08T09:25:18.718Z] Session [a77354e0-e70c-11ec-928d-c1e2ba536491] - page.onError - msg: ReferenceError: Can't find variable: Audio

  phantomjs://platform/console++.js:263 in error
[ERROR - 2022-06-08T09:25:18.718Z] Session [a77354e0-e70c-11ec-928d-c1e2ba536491] - page.onError - stack:
  (anonymous function) (https://static.360buyimg.com/item/assets/oldman/wza1/aria.js?appid=bfeaebea192374ec1f220455f8d5f952:1)
  o (https://static.360buyimg.com/item/assets/oldman/wza1/aria.js?appid=bfeaebea192374ec1f220455f8d5f952:1)
  (anonymous function) (https://static.360buyimg.com/item/assets/oldman/wza1/aria.js?appid=bfeaebea192374ec1f220455f8d5f952:1)
  o (https://static.360buyimg.com/item/assets/oldman/wza1/aria.js?appid=bfeaebea192374ec1f220455f8d5f952:1)
  (anonymous function) (https://static.360buyimg.com/item/assets/oldman/wza1/aria.js?appid=bfeaebea192374ec1f220455f8d5f952:1)
  o (https://static.360buyimg.com/item/assets/oldman/wza1/aria.js?appid=bfeaebea192374ec1f220455f8d5f952:1)
  (anonymous function) (https://static.360buyimg.com/item/assets/oldman/wza1/aria.js?appid=bfeaebea192374ec1f220455f8d5f952:1)
  o (https://static.360buyimg.com/item/assets/oldman/wza1/aria.js?appid=bfeaebea192374ec1f220455f8d5f952:1)
  (anonymous function) (https://static.360buyimg.com/item/assets/oldman/wza1/aria.js?appid=bfeaebea192374ec1f220455f8d5f952:1)
  o (https://static.360buyimg.com/item/assets/oldman/wza1/aria.js?appid=bfeaebea192374ec1f220455f8d5f952:1)
  (anonymous function) (https://static.360buyimg.com/item/assets/oldman/wza1/aria.js?appid=bfeaebea192374ec1f220455f8d5f952:1)

  phantomjs://platform/console++.js:263 in error
[ERROR - 2022-06-08T09:25:25.764Z] Session [a77354e0-e70c-11ec-928d-c1e2ba536491] - page.onError - msg: ReferenceError: Can't find variable: Audio

  phantomjs://platform/console++.js:263 in error
[ERROR - 2022-06-08T09:25:25.764Z] Session [a77354e0-e70c-11ec-928d-c1e2ba536491] - page.onError - stack:
  (anonymous function) (https://static.360buyimg.com/item/assets/oldman/wza1/aria.js?appid=bfeaebea192374ec1f220455f8d5f952:1)
  o (https://static.360buyimg.com/item/assets/oldman/wza1/aria.js?appid=bfeaebea192374ec1f220455f8d5f952:1)
  (anonymous function) (https://static.360buyimg.com/item/assets/oldman/wza1/aria.js?appid=bfeaebea192374ec1f220455f8d5f952:1)
  o (https://static.360buyimg.com/item/assets/oldman/wza1/aria.js?appid=bfeaebea192374ec1f220455f8d5f952:1)
  (anonymous function) (https://static.360buyimg.com/item/assets/oldman/wza1/aria.js?appid=bfeaebea192374ec1f220455f8d5f952:1)
  o (https://static.360buyimg.com/item/assets/oldman/wza1/aria.js?appid=bfeaebea192374ec1f220455f8d5f952:1)
  (anonymous function) (https://static.360buyimg.com/item/assets/oldman/wza1/aria.js?appid=bfeaebea192374ec1f220455f8d5f952:1)
  o (https://static.360buyimg.com/item/assets/oldman/wza1/aria.js?appid=bfeaebea192374ec1f220455f8d5f952:1)
  (anonymous function) (https://static.360buyimg.com/item/assets/oldman/wza1/aria.js?appid=bfeaebea192374ec1f220455f8d5f952:1)
  o (https://static.360buyimg.com/item/assets/oldman/wza1/aria.js?appid=bfeaebea192374ec1f220455f8d5f952:1)
  (anonymous function) (https://static.360buyimg.com/item/assets/oldman/wza1/aria.js?appid=bfeaebea192374ec1f220455f8d5f952:1)

  phantomjs://platform/console++.js:263 in error
[ERROR - 2022-06-08T09:25:34.752Z] Session [a77354e0-e70c-11ec-928d-c1e2ba536491] - page.onError - msg: ReferenceError: Can't find variable: Audio

  phantomjs://platform/console++.js:263 in error
[ERROR - 2022-[INFO  - 2022-06-08T09:28:40.852Z] SessionManagerReqHand - _cleanupWindowlessSessions - Asynchronous Sessions clean-up phase starting NOW
[INFO  - 2022-06-08T09:33:40.853Z] SessionManagerReqHand - _cleanupWindowlessSessions - Asynchronous Sessions clean-up phase starting NOW
[INFO  - 2022-06-08T09:38:40.854Z] SessionManagerReqHand - _cleanupWindowlessSessions - Asynchronous Sessions clean-up phase starting NOW
[INFO  - 2022-06-08T09:43:40.856Z] SessionManagerReqHand - _cleanupWindowlessSessions - Asynchronous Sessions clean-up phase starting NOW
[INFO  - 2022-06-08T09:48:40.856Z] SessionManagerReqHand - _cleanupWindowlessSessions - Asynchronous Sessions clean-up phase starting NOW
[INFO  - 2022-06-08T09:53:40.857Z] SessionManagerReqHand - _cleanupWindowlessSessions - Asynchronous Sessions clean-up phase starting NOW
[INFO  - 2022-06-08T09:58:40.857Z] SessionManagerReqHand - _cleanupWindowlessSessions - Asynchronous Sessions clean-up phase starting NOW
[INFO  - 2022-06-08T10:03:40.858Z] SessionManagerReqHand - _cleanupWindowlessSessions - Asynchronous Sessions clean-up phase starting NOW
[INFO  - 2022-06-08T10:08:40.858Z] SessionManagerReqHand - _cleanupWindowlessSessions - Asynchronous Sessions clean-up phase starting NOW
[INFO  - 2022-06-08T10:13:40.858Z] SessionManagerReqHand - _cleanupWindowlessSessions - Asynchronous Sessions clean-up phase starting NOW
[INFO  - 2022-06-08T10:18:40.858Z] SessionManagerReqHand - _cleanupWindowlessSessions - Asynchronous Sessions clean-up phase starting NOW
[INFO  - 2022-06-08T10:23:40.858Z] SessionManagerReqHand - _cleanupWindowlessSessions - Asynchronous Sessions clean-up phase starting NOW
022-06-08T09:25:45.424Z] Session [a77354e0-e70c-11ec-928d-c1e2ba536491] - page.onError - stack:
  (anonymous function) (https://static.360buyimg.com/item/assets/oldman/wza1/aria.js?appid=bfeaebea192374ec1f220455f8d5f952:1)
  o (https://static.360buyimg.com/item/assets/oldman/wza1/aria.js?appid=bfeaebea192374ec1f220455f8d5f952:1)
  (anonymous function) (https://static.360buyimg.com/item/assets/oldman/wza1/aria.js?appid=bfeaebea192374ec1f220455f8d5f952:1)
  o (https://static.360buyimg.com/item/assets/oldman/wza1/aria.js?appid=bfeaebea192374ec1f220455f8d5f952:1)
  (anonymous function) (https://static.360buyimg.com/item/assets/oldman/wza1/aria.js?appid=bfeaebea192374ec1f220455f8d5f952:1)
  o (https://static.360buyimg.com/item/assets/oldman/wza1/aria.js?appid=bfeaebea192374ec1f220455f8d5f952:1)
  (anonymous function) (https://static.360buyimg.com/item/assets/oldman/wza1/aria.js?appid=bfeaebea192374ec1f220455f8d5f952:1)
  o (https://static.360buyimg.com/item/assets/oldman/wza1/aria.js?appid=bfeaebea192374ec1f220455f8d5f952:1)
  (anonymous function) (https://static.360buyimg.com/item/assets/oldman/wza1/aria.js?appid=bfeaebea192374ec1f220455f8d5f952:1)
  o (https://static.360buyimg.com/item/assets/oldman/wza1/aria.js?appid=bfeaebea192374ec1f220455f8d5f952:1)
  (anonymous function) (https://static.360buyimg.com/item/assets/oldman/wza1/aria.js?appid=bfeaebea192374ec1f220455f8d5f952:1)

  phantomjs://platform/console++.js:263 in error
[ERROR - 2022-06-08T09:25:55.015Z] Session [a77354e0-e70c-11ec-928d-c1e2ba536491] - page.onError - msg: ReferenceError: Can't find variable: Audio

  phantomjs://platform/console++.js:263 in error
[ERROR - 2022-06-08T09:25:55.015Z] Session [a77354e0-e70c-11ec-928d-c1e2ba536491] - page.onError - stack:
  (anonymous function) (https://static.360buyimg.com/item/assets/oldman/wza1/aria.js?appid=bfeaebea192374ec1f220455f8d5f952:1)
  o (https://static.360buyimg.com/item/assets/oldman/wza1/aria.js?appid=bfeaebea192374ec1f220455f8d5f952:1)
  (anonymous function) (https://static.360buyimg.com/item/assets/oldman/wza1/aria.js?appid=bfeaebea192374ec1f220455f8d5f952:1)
  o (https://static.360buyimg.com/item/assets/oldman/wza1/aria.js?appid=bfeaebea192374ec1f220455f8d5f952:1)
  (anonymous function) (https://static.360buyimg.com/item/assets/oldman/wza1/aria.js?appid=bfeaebea192374ec1f220455f8d5f952:1)
  o (https://static.360buyimg.com/item/assets/oldman/wza1/aria.js?appid=bfeaebea192374ec1f220455f8d5f952:1)
  (anonymous function) (https://static.360buyimg.com/item/assets/oldman/wza1/aria.js?appid=bfeaebea192374ec1f220455f8d5f952:1)
  o (https://static.360buyimg.com/item/assets/oldman/wza1/aria.js?appid=bfeaebea192374ec1f220455f8d5f952:1)
  (anonymous function) (https://static.360buyimg.com/item/assets/oldman/wza1/aria.js?appid=bfeaebea192374ec1f220455f8d5f952:1)
  o (https://static.360buyimg.com/item/assets/oldman/wza1/aria.js?appid=bfeaebea192374ec1f220455f8d5f952:1)
  (anonymous function) (https://static.360buyimg.com/item/assets/oldman/wza1/aria.js?appid=bfeaebea192374ec1f220455f8d5f952:1)

  phantomjs://platform/console++.js:263 in error
[ERROR - 2022-06-08T09:26:01.960Z] Session [a77354e0-e70c-11ec-928d-c1e2ba536491] - page.onError - msg: ReferenceError: Can't find variable: Audio

  phantomjs://platform/console++.js:263 in error
[ERROR - 2022-06-08T09:26:01.960Z] Session [a77354e0-e70c-11ec-928d-c1e2ba536491] - page.onError - stack:
  (anonymous function) (https://static.360buyimg.com/item/assets/oldman/wza1/aria.js?appid=bfeaebea192374ec1f220455f8d5f952:1)
  o (https://static.360buyimg.com/item/assets/oldman/wza1/aria.js?appid=bfeaebea192374ec1f220455f8d5f952:1)
  (anonymous function) (https://static.360buyimg.com/item/assets/oldman/wza1/aria.js?appid=bfeaebea192374ec1f220455f8d5f952:1)
  o (https://static.360buyimg.com/item/assets/oldman/wza1/aria.js?appid=bfeaebea192374ec1f220455f8d5f952:1)
  (anonymous function) (https://static.360buyimg.com/item/assets/oldman/wza1/aria.js?appid=bfeaebea192374ec1f220455f8d5f952:1)
  o (https://static.360buyimg.com/item/assets/oldman/wza1/aria.js?appid=bfeaebea192374ec1f220455f8d5f952:1)
  (anonymous function) (https://static.360buyimg.com/item/assets/oldman/wza1/aria.js?appid=bfeaebea192374ec1f220455f8d5f952:1)
  o (https://static.360buyimg.com/item/assets/oldman/wza1/aria.js?appid=bfeaebea192374ec1f220455f8d5f952:1)
  (anonymous function) (https://static.360buyimg.com/item/assets/oldman/wza1/aria.js?appid=bfeaebea192374ec1f220455f8d5f952:1)
  o (https://static.360buyimg.com/item/assets/oldman/wza1/aria.js?appid=bfeaebea192374ec1f220455f8d5f952:1)
  (anonymous function) (https://static.360buyimg.com/item/assets/oldman/wza1/aria.js?appid=bfeaebea192374ec1f220455f8d5f952:1)

  phantomjs://platform/console++.js:263 in error
[ERROR - 2022-06-08T09:26:08.590Z] Session [a77354e0-e70c-11ec-928d-c1e2ba536491] - page.onError - msg: ReferenceError: Can't find variable: Audio

  phantomjs://platform/console++.js:263 in error
[ERROR - 2022-06-08T09:26:08.591Z] Session [a77354e0-e70c-11ec-928d-c1e2ba536491] - page.onError - stack:
  (anonymous function) (https://static.360buyimg.com/item/assets/oldman/wza1/aria.js?appid=bfeaebea192374ec1f220455f8d5f952:1)
  o (https://static.360buyimg.com/item/assets/oldman/wza1/aria.js?appid=bfeaebea192374ec1f220455f8d5f952:1)
  (anonymous function) (https://static.360buyimg.com/item/assets/oldman/wza1/aria.js?appid=bfeaebea192374ec1f220455f8d5f952:1)
  o (https://static.360buyimg.com/item/assets/oldman/wza1/aria.js?appid=bfeaebea192374ec1f220455f8d5f952:1)
  (anonymous function) (https://static.360buyimg.com/item/assets/oldman/wza1/aria.js?appid=bfeaebea192374ec1f220455f8d5f952:1)
  o (https://static.360buyimg.com/item/assets/oldman/wza1/aria.js?appid=bfeaebea192374ec1f220455f8d5f952:1)
  (anonymous function) (https://static.360buyimg.com/item/assets/oldman/wza1/aria.js?appid=bfeaebea192374ec1f220455f8d5f952:1)
  o (https://static.360buyimg.com/item/assets/oldman/wza1/aria.js?appid=bfeaebea192374ec1f220455f8d5f952:1)
  (anonymous function) (https://static.360buyimg.com/item/assets/oldman/wza1/aria.js?appid=bfeaebea192374ec1f220455f8d5f952:1)
  o (https://static.360buyimg.com/item/assets/oldman/wza1/aria.js?appid=bfeaebea192374ec1f220455f8d5f952:1)
  (anonymous function) (https://static.360buyimg.com/item/assets/oldman/wza1/aria.js?appid=bfeaebea192374ec1f220455f8d5f952:1)

  phantomjs://platform/console++.js:263 in error
[ERROR - 2022-06-08T09:26:09.307Z] WebElementLocator - _handleLocateCommand - Element(s) NOT Found: GAVE UP. Search Stop Time: 1654680368873

  phantomjs://platform/console++.js:263 in error
[ERROR - 2022-06-08T09:26:11.794Z] Session [a77354e0-e70c-11ec-928d-c1e2ba536491] - page.onError - msg: ReferenceError: Can't find variable: Audio

  phantomjs://platform/console++.js:263 in error
[ERROR - 2022-06-08T09:26:11.794Z] Session [a77354e0-e70c-11ec-928d-c1e2ba536491] - page.onError - stack:
  (anonymous function) (https://static.360buyimg.com/item/assets/oldman/wza1/aria.js?appid=bfeaebea192374ec1f220455f8d5f952:1)
  o (https://static.360buyimg.com/item/assets/oldman/wza1/aria.js?appid=bfeaebea192374ec1f220455f8d5f952:1)
  (anonymous function) (https://static.360buyimg.com/item/assets/oldman/wza1/aria.js?appid=bfeaebea192374ec1f220455f8d5f952:1)
  o (https://static.360buyimg.com/item/assets/oldman/wza1/aria.js?appid=bfeaebea192374ec1f220455f8d5f952:1)
  (anonymous function) (https://static.360buyimg.com/item/assets/oldman/wza1/aria.js?appid=bfeaebea192374ec1f220455f8d5f952:1)
  o (https://static.360buyimg.com/item/assets/oldman/wza1/aria.js?appid=bfeaebea192374ec1f220455f8d5f952:1)
  (anonymous function) (https://static.360buyimg.com/item/assets/oldman/wza1/aria.js?appid=bfeaebea192374ec1f220455f8d5f952:1)
  o (https://static.360buyimg.com/item/assets/oldman/wza1/aria.js?appid=bfeaebea192374ec1f220455f8d5f952:1)
  (anonymous function) (https://static.360buyimg.com/item/assets/oldman/wza1/aria.js?appid=bfeaebea192374ec1f220455f8d5f952:1)
  o (https://static.360buyimg.com/item/assets/oldman/wza1/aria.js?appid=bfeaebea192374ec1f220455f8d5f952:1)
  (anonymous function) (https://static.360buyimg.com/item/assets/oldman/wza1/aria.js?appid=bfeaebea192374ec1f220455f8d5f952:1)

  phantomjs://platform/console++.js:263 in error
[ERROR - 2022-06-08T09:26:22.601Z] Session [a77354e0-e70c-11ec-928d-c1e2ba536491] - page.onError - msg: ReferenceError: Can't find variable: Audio

  phantomjs://platform/console++.js:263 in error
[ERROR - 2022-06-08T09:26:22.601Z] Session [a77354e0-e70c-11ec-928d-c1e2ba536491] - page.onError - stack:
  (anonymous function) (https://static.360buyimg.com/item/assets/oldman/wza1/aria.js?appid=bfeaebea192374ec1f220455f8d5f952:1)
  o (https://static.360buyimg.com/item/assets/oldman/wza1/aria.js?appid=bfeaebea192374ec1f220455f8d5f952:1)
  (anonymous function) (https://static.360buyimg.com/item/assets/oldman/wza1/aria.js?appid=bfeaebea192374ec1f220455f8d5f952:1)
  o (https://static.360buyimg.com/item/assets/oldman/wza1/aria.js?appid=bfeaebea192374ec1f220455f8d5f952:1)
  (anonymous function) (https://static.360buyimg.com/item/assets/oldman/wza1/aria.js?appid=bfeaebea192374ec1f220455f8d5f952:1)
  o (https://static.360buyimg.com/item/assets/oldman/wza1/aria.js?appid=bfeaebea192374ec1f220455f8d5f952:1)
  (anonymous function) (https://static.360buyimg.com/item/assets/oldman/wza1/aria.js?appid=bfeaebea192374ec1f220455f8d5f952:1)
  o (https://static.360buyimg.com/item/assets/oldman/wza1/aria.js?appid=bfeaebea192374ec1f220455f8d5f952:1)
  (anonymous function) (https://static.360buyimg.com/item/assets/oldman/wza1/aria.js?appid=bfeaebea192374ec1f220455f8d5f952:1)
  o (https://static.360buyimg.com/item/assets/oldman/wza1/aria.js?appid=bfeaebea192374ec1f220455f8d5f952:1)
  (anonymous function) (https://static.360buyimg.com/item/assets/oldman/wza1/aria.js?appid=bfeaebea192374ec1f220455f8d5f952:1)

  phantomjs://platform/console++.js:263 in error
[ERROR - 2022-06-08T09:26:31.802Z] Session [a77354e0-e70c-11ec-928d-c1e2ba536491] - page.onError - msg: ReferenceError: Can't find variable: Audio

  phantomjs://platform/console++.js:263 in error
[ERROR - 2022-06-08T09:26:31.802Z] Session [a77354e0-e70c-11ec-928d-c1e2ba536491] - page.onError - stack:
  (anonymous function) (https://static.360buyimg.com/item/assets/oldman/wza1/aria.js?appid=bfeaebea192374ec1f220455f8d5f952:1)
  o (https://static.360buyimg.com/item/assets/oldman/wza1/aria.js?appid=bfeaebea192374ec1f220455f8d5f952:1)
  (anonymous function) (https://static.360buyimg.com/item/assets/oldman/wza1/aria.js?appid=bfeaebea192374ec1f220455f8d5f952:1)
  o (https://static.360buyimg.com/item/assets/oldman/wza1/aria.js?appid=bfeaebea192374ec1f220455f8d5f952:1)
  (anonymous function) (https://static.360buyimg.com/item/assets/oldman/wza1/aria.js?appid=bfeaebea192374ec1f220455f8d5f952:1)
  o (https://static.360buyimg.com/item/assets/oldman/wza1/aria.js?appid=bfeaebea192374ec1f220455f8d5f952:1)
  (anonymous function) (https://static.360buyimg.com/item/assets/oldman/wza1/aria.js?appid=bfeaebea192374ec1f220455f8d5f952:1)
  o (https://static.360buyimg.com/item/assets/oldman/wza1/aria.js?appid=bfeaebea192374ec1f220455f8d5f952:1)
  (anonymous function) (https://static.360buyimg.com/item/assets/oldman/wza1/aria.js?appid=bfeaebea192374ec1f220455f8d5f952:1)
  o (https://static.360buyimg.com/item/assets/oldman/wza1/aria.js?appid=bfeaebea192374ec1f220455f8d5f952:1)
  (anonymous function) (https://static.360buyimg.com/item/assets/oldman/wza1/aria.js?appid=bfeaebea192374ec1f220455f8d5f952:1)

  phantomjs://platform/console++.js:263 in error
[ERROR - 2022-06-08T09:26:43.686Z] Session [a77354e0-e70c-11ec-928d-c1e2ba536491] - page.onError - msg: ReferenceError: Can't find variable: Audio

  phantomjs://platform/console++.js:263 in error
[ERROR - 2022-06-08T09:26:43.686Z] Session [a77354e0-e70c-11ec-928d-c1e2ba536491] - page.onError - stack:
  (anonymous function) (https://static.360buyimg.com/item/assets/oldman/wza1/aria.js?appid=bfeaebea192374ec1f220455f8d5f952:1)
  o (https://static.360buyimg.com/item/assets/oldman/wza1/aria.js?appid=bfeaebea192374ec1f220455f8d5f952:1)
  (anonymous function) (https://static.360buyimg.com/item/assets/oldman/wza1/aria.js?appid=bfeaebea192374ec1f220455f8d5f952:1)
  o (https://static.360buyimg.com/item/assets/oldman/wza1/aria.js?appid=bfeaebea192374ec1f220455f8d5f952:1)
  (anonymous function) (https://static.360buyimg.com/item/assets/oldman/wza1/aria.js?appid=bfeaebea192374ec1f220455f8d5f952:1)
  o (https://static.360buyimg.com/item/assets/oldman/wza1/aria.js?appid=bfeaebea192374ec1f220455f8d5f952:1)
  (anonymous function) (https://static.360buyimg.com/item/assets/oldman/wza1/aria.js?appid=bfeaebea192374ec1f220455f8d5f952:1)
  o (https://static.360buyimg.com/item/assets/oldman/wza1/aria.js?appid=bfeaebea192374ec1f220455f8d5f952:1)
  (anonymous function) (https://static.360buyimg.com/item/assets/oldman/wza1/aria.js?appid=bfeaebea192374ec1f220455f8d5f952:1)
  o (https://static.360buyimg.com/item/assets/oldman/wza1/aria.js?appid=bfeaebea192374ec1f220455f8d5f952:1)
  (anonymous function) (https://static.360buyimg.com/item/assets/oldman/wza1/aria.js?appid=bfeaebea192374ec1f220455f8d5f952:1)

  phantomjs://platform/console++.js:263 in error
[ERROR - 2022-06-08T09:26:50.257Z] Session [a77354e0-e70c-11ec-928d-c1e2ba536491] - page.onError - msg: ReferenceError: Can't find variable: Audio

  phantomjs://platform/console++.js:263 in error
[ERROR - 2022-06-08T09:26:50.257Z] Session [a77354e0-e70c-11ec-928d-c1e2ba536491] - page.onError - stack:
  (anonymous function) (https://static.360buyimg.com/item/assets/oldman/wza1/aria.js?appid=bfeaebea192374ec1f220455f8d5f952:1)
  o (https://static.360buyimg.com/item/assets/oldman/wza1/aria.js?appid=bfeaebea192374ec1f220455f8d5f952:1)
  (anonymous function) (https://static.360buyimg.com/item/assets/oldman/wza1/aria.js?appid=bfeaebea192374ec1f220455f8d5f952:1)
  o (https://static.360buyimg.com/item/assets/oldman/wza1/aria.js?appid=bfeaebea192374ec1f220455f8d5f952:1)
  (anonymous function) (https://static.360buyimg.com/item/assets/oldman/wza1/aria.js?appid=bfeaebea192374ec1f220455f8d5f952:1)
  o (https://static.360buyimg.com/item/assets/oldman/wza1/aria.js?appid=bfeaebea192374ec1f220455f8d5f952:1)
  (anonymous function) (https://static.360buyimg.com/item/assets/oldman/wza1/aria.js?appid=bfeaebea192374ec1f220455f8d5f952:1)
  o (https://static.360buyimg.com/item/assets/oldman/wza1/aria.js?appid=bfeaebea192374ec1f220455f8d5f952:1)
  (anonymous function) (https://static.360buyimg.com/item/assets/oldman/wza1/aria.js?appid=bfeaebea192374ec1f220455f8d5f952:1)
  o (https://static.360buyimg.com/item/assets/oldman/wza1/aria.js?appid=bfeaebea192374ec1f220455f8d5f952:1)
  (anonymous function) (https://static.360buyimg.com/item/assets/oldman/wza1/aria.js?appid=bfeaebea192374ec1f220455f8d5f952:1)

  phantomjs://platform/console++.js:263 in error
[ERROR - 2022-06-08T09:26:58.294Z] Session [a77354e0-e70c-11ec-928d-c1e2ba536491] - page.onError - msg: ReferenceError: Can't find variable: Audio

  phantomjs://platform/console++.js:263 in error
[ERROR - 2022-06-08T09:26:58.294Z] Session [a77354e0-e70c-11ec-928d-c1e2ba536491] - page.onError - stack:
  (anonymous function) (https://static.360buyimg.com/item/assets/oldman/wza1/aria.js?appid=bfeaebea192374ec1f220455f8d5f952:1)
  o (https://static.360buyimg.com/item/assets/oldman/wza1/aria.js?appid=bfeaebea192374ec1f220455f8d5f952:1)
  (anonymous function) (https://static.360buyimg.com/item/assets/oldman/wza1/aria.js?appid=bfeaebea192374ec1f220455f8d5f952:1)
  o (https://static.360buyimg.com/item/assets/oldman/wza1/aria.js?appid=bfeaebea192374ec1f220455f8d5f952:1)
  (anonymous function) (https://static.360buyimg.com/item/assets/oldman/wza1/aria.js?appid=bfeaebea192374ec1f220455f8d5f952:1)
  o (https://static.360buyimg.com/item/assets/oldman/wza1/aria.js?appid=bfeaebea192374ec1f220455f8d5f952:1)
  (anonymous function) (https://static.360buyimg.com/item/assets/oldman/wza1/aria.js?appid=bfeaebea192374ec1f220455f8d5f952:1)
  o (https://static.360buyimg.com/item/assets/oldman/wza1/aria.js?appid=bfeaebea192374ec1f220455f8d5f952:1)
  (anonymous function) (https://static.360buyimg.com/item/assets/oldman/wza1/aria.js?appid=bfeaebea192374ec1f220455f8d5f952:1)
  o (https://static.360buyimg.com/item/assets/oldman/wza1/aria.js?appid=bfeaebea192374ec1f220455f8d5f952:1)
  (anonymous function) (https://static.360buyimg.com/item/assets/oldman/wza1/aria.js?appid=bfeaebea192374ec1f220455f8d5f952:1)

  phantomjs://platform/console++.js:263 in error
[ERROR - 2022-06-08T09:27:05.884Z] Session [a77354e0-e70c-11ec-928d-c1e2ba536491] - page.onError - msg: ReferenceError: Can't find variable: Audio

  phantomjs://platform/console++.js:263 in error
[ERROR - 2022-06-08T09:27:05.884Z] Session [a77354e0-e70c-11ec-928d-c1e2ba536491] - page.onError - stack:
  (anonymous function) (https://static.360buyimg.com/item/assets/oldman/wza1/aria.js?appid=bfeaebea192374ec1f220455f8d5f952:1)
  o (https://static.360buyimg.com/item/assets/oldman/wza1/aria.js?appid=bfeaebea192374ec1f220455f8d5f952:1)
  (anonymous function) (https://static.360buyimg.com/item/assets/oldman/wza1/aria.js?appid=bfeaebea192374ec1f220455f8d5f952:1)
  o (https://static.360buyimg.com/item/assets/oldman/wza1/aria.js?appid=bfeaebea192374ec1f220455f8d5f952:1)
  (anonymous function) (https://static.360buyimg.com/item/assets/oldman/wza1/aria.js?appid=bfeaebea192374ec1f220455f8d5f952:1)
  o (https://static.360buyimg.com/item/assets/oldman/wza1/aria.js?appid=bfeaebea192374ec1f220455f8d5f952:1)
  (anonymous function) (https://static.360buyimg.com/item/assets/oldman/wza1/aria.js?appid=bfeaebea192374ec1f220455f8d5f952:1)
  o (https://static.360buyimg.com/item/assets/oldman/wza1/aria.js?appid=bfeaebea192374ec1f220455f8d5f952:1)
  (anonymous function) (https://static.360buyimg.com/item/assets/oldman/wza1/aria.js?appid=bfeaebea192374ec1f220455f8d5f952:1)
  o (https://static.360buyimg.com/item/assets/oldman/wza1/aria.js?appid=bfeaebea192374ec1f220455f8d5f952:1)
  (anonymous function) (https://static.360buyimg.com/item/assets/oldman/wza1/aria.js?appid=bfeaebea192374ec1f220455f8d5f952:1)

  phantomjs://platform/console++.js:263 in error
[ERROR - 2022-06-08T09:27:12.038Z] Session [a77354e0-e70c-11ec-928d-c1e2ba536491] - page.onError - msg: ReferenceError: Can't find variable: Audio

  phantomjs://platform/console++.js:263 in error
[ERROR - 2022-06-08T09:27:12.039Z] Session [a77354e0-e70c-11ec-928d-c1e2ba536491] - page.onError - stack:
  (anonymous function) (https://static.360buyimg.com/item/assets/oldman/wza1/aria.js?appid=bfeaebea192374ec1f220455f8d5f952:1)
  o (https://static.360buyimg.com/item/assets/oldman/wza1/aria.js?appid=bfeaebea192374ec1f220455f8d5f952:1)
  (anonymous function) (https://static.360buyimg.com/item/assets/oldman/wza1/aria.js?appid=bfeaebea192374ec1f220455f8d5f952:1)
  o (https://static.360buyimg.com/item/assets/oldman/wza1/aria.js?appid=bfeaebea192374ec1f220455f8d5f952:1)
  (anonymous function) (https://static.360buyimg.com/item/assets/oldman/wza1/aria.js?appid=bfeaebea192374ec1f220455f8d5f952:1)
  o (https://static.360buyimg.com/item/assets/oldman/wza1/aria.js?appid=bfeaebea192374ec1f220455f8d5f952:1)
  (anonymous function) (https://static.360buyimg.com/item/assets/oldman/wza1/aria.js?appid=bfeaebea192374ec1f220455f8d5f952:1)
  o (https://static.360buyimg.com/item/assets/oldman/wza1/aria.js?appid=bfeaebea192374ec1f220455f8d5f952:1)
  (anonymous function) (https://static.360buyimg.com/item/assets/oldman/wza1/aria.js?appid=bfeaebea192374ec1f220455f8d5f952:1)
  o (https://static.360buyimg.com/item/assets/oldman/wza1/aria.js?appid=bfeaebea192374ec1f220455f8d5f952:1)
  (anonymous function) (https://static.360buyimg.com/item/assets/oldman/wza1/aria.js?appid=bfeaebea192374ec1f220455f8d5f952:1)

  phantomjs://platform/console++.js:263 in error
[ERROR - 2022-06-08T09:27:29.050Z] Session [a77354e0-e70c-11ec-928d-c1e2ba536491] - page.onError - msg: ReferenceError: Can't find variable: Audio

  phantomjs://platform/console++.js:263 in error
[ERROR - 2022-06-08T09:27:29.050Z] Session [a77354e0-e70c-11ec-928d-c1e2ba536491] - page.onError - stack:
  (anonymous function) (https://static.360buyimg.com/item/assets/oldman/wza1/aria.js?appid=bfeaebea192374ec1f220455f8d5f952:1)
  o (https://static.360buyimg.com/item/assets/oldman/wza1/aria.js?appid=bfeaebea192374ec1f220455f8d5f952:1)
  (anonymous function) (https://static.360buyimg.com/item/assets/oldman/wza1/aria.js?appid=bfeaebea192374ec1f220455f8d5f952:1)
  o (https://static.360buyimg.com/item/assets/oldman/wza1/aria.js?appid=bfeaebea192374ec1f220455f8d5f952:1)
  (anonymous function) (https://static.360buyimg.com/item/assets/oldman/wza1/aria.js?appid=bfeaebea192374ec1f220455f8d5f952:1)
  o (https://static.360buyimg.com/item/assets/oldman/wza1/aria.js?appid=bfeaebea192374ec1f220455f8d5f952:1)
  (anonymous function) (https://static.360buyimg.com/item/assets/oldman/wza1/aria.js?appid=bfeaebea192374ec1f220455f8d5f952:1)
  o (https://static.360buyimg.com/item/assets/oldman/wza1/aria.js?appid=bfeaebea192374ec1f220455f8d5f952:1)
  (anonymous function) (https://static.360buyimg.com/item/assets/oldman/wza1/aria.js?appid=bfeaebea192374ec1f220455f8d5f952:1)
  o (https://static.360buyimg.com/item/assets/oldman/wza1/aria.js?appid=bfeaebea192374ec1f220455f8d5f952:1)
  (anonymous function) (https://static.360buyimg.com/item/assets/oldman/wza1/aria.js?appid=bfeaebea192374ec1f220455f8d5f952:1)

  phantomjs://platform/console++.js:263 in error
[ERROR - 2022-06-08T09:27:40.932Z] Session [a77354e0-e70c-11ec-928d-c1e2ba536491] - page.onError - msg: ReferenceError: Can't find variable: Audio

  phantomjs://platform/console++.js:263 in error
[ERROR - 2022-06-08T09:27:40.932Z] Session [a77354e0-e70c-11ec-928d-c1e2ba536491] - page.onError - stack:
  (anonymous function) (https://static.360buyimg.com/item/assets/oldman/wza1/aria.js?appid=bfeaebea192374ec1f220455f8d5f952:1)
  o (https://static.360buyimg.com/item/assets/oldman/wza1/aria.js?appid=bfeaebea192374ec1f220455f8d5f952:1)
  (anonymous function) (https://static.360buyimg.com/item/assets/oldman/wza1/aria.js?appid=bfeaebea192374ec1f220455f8d5f952:1)
  o (https://static.360buyimg.com/item/assets/oldman/wza1/aria.js?appid=bfeaebea192374ec1f220455f8d5f952:1)
  (anonymous function) (https://static.360buyimg.com/item/assets/oldman/wza1/aria.js?appid=bfeaebea192374ec1f220455f8d5f952:1)
  o (https://static.360buyimg.com/item/assets/oldman/wza1/aria.js?appid=bfeaebea192374ec1f220455f8d5f952:1)
  (anonymous function) (https://static.360buyimg.com/item/assets/oldman/wza1/aria.js?appid=bfeaebea192374ec1f220455f8d5f952:1)
  o (https://static.360buyimg.com/item/assets/oldman/wza1/aria.js?appid=bfeaebea192374ec1f220455f8d5f952:1)
  (anonymous function) (https://static.360buyimg.com/item/assets/oldman/wza1/aria.js?appid=bfeaebea192374ec1f220455f8d5f952:1)
  o (https://static.360buyimg.com/item/assets/oldman/wza1/aria.js?appid=bfeaebea192374ec1f220455f8d5f952:1)
  (anonymous function) (https://static.360buyimg.com/item/assets/oldman/wza1/aria.js?appid=bfeaebea192374ec1f220455f8d5f952:1)

  phantomjs://platform/console++.js:263 in error
[ERROR - 2022-06-08T09:27:50.045Z] Session [a77354e0-e70c-11ec-928d-c1e2ba536491] - page.onError - msg: ReferenceError: Can't find variable: Audio

  phantomjs://platform/console++.js:263 in error
[ERROR - 2022-06-08T09:27:50.045Z] Session [a77354e0-e70c-11ec-928d-c1e2ba536491] - page.onError - stack:
  (anonymous function) (https://static.360buyimg.com/item/assets/oldman/wza1/aria.js?appid=bfeaebea192374ec1f220455f8d5f952:1)
  o (https://static.360buyimg.com/item/assets/oldman/wza1/aria.js?appid=bfeaebea192374ec1f220455f8d5f952:1)
  (anonymous function) (https://static.360buyimg.com/item/assets/oldman/wza1/aria.js?appid=bfeaebea192374ec1f220455f8d5f952:1)
  o (https://static.360buyimg.com/item/assets/oldman/wza1/aria.js?appid=bfeaebea192374ec1f220455f8d5f952:1)
  (anonymous function) (https://static.360buyimg.com/item/assets/oldman/wza1/aria.js?appid=bfeaebea192374ec1f220455f8d5f952:1)
  o (https://static.360buyimg.com/item/assets/oldman/wza1/aria.js?appid=bfeaebea192374ec1f220455f8d5f952:1)
  (anonymous function) (https://static.360buyimg.com/item/assets/oldman/wza1/aria.js?appid=bfeaebea192374ec1f220455f8d5f952:1)
  o (https://static.360buyimg.com/item/assets/oldman/wza1/aria.js?appid=bfeaebea192374ec1f220455f8d5f952:1)
  (anonymous function) (https://static.360buyimg.com/item/assets/oldman/wza1/aria.js?appid=bfeaebea192374ec1f220455f8d5f952:1)
  o (https://static.360buyimg.com/item/assets/oldman/wza1/aria.js?appid=bfeaebea192374ec1f220455f8d5f952:1)
  (anonymous function) (https://static.360buyimg.com/item/assets/oldman/wza1/aria.js?appid=bfeaebea192374ec1f220455f8d5f952:1)

  phantomjs://platform/console++.js:263 in error
[ERROR - 2022-06-08T09:27:56.033Z] Session [a77354e0-e70c-11ec-928d-c1e2ba536491] - page.onError - msg: ReferenceError: Can't find variable: Audio

  phantomjs://platform/console++.js:263 in error
[ERROR - 2022-06-08T09:27:56.033Z] Session [a77354e0-e70c-11ec-928d-c1e2ba536491] - page.onError - stack:
  (anonymous function) (https://static.360buyimg.com/item/assets/oldman/wza1/aria.js?appid=bfeaebea192374ec1f220455f8d5f952:1)
  o (https://static.360buyimg.com/item/assets/oldman/wza1/aria.js?appid=bfeaebea192374ec1f220455f8d5f952:1)
  (anonymous function) (https://static.360buyimg.com/item/assets/oldman/wza1/aria.js?appid=bfeaebea192374ec1f220455f8d5f952:1)
  o (https://static.360buyimg.com/item/assets/oldman/wza1/aria.js?appid=bfeaebea192374ec1f220455f8d5f952:1)
  (anonymous function) (https://static.360buyimg.com/item/assets/oldman/wza1/aria.js?appid=bfeaebea192374ec1f220455f8d5f952:1)
  o (https://static.360buyimg.com/item/assets/oldman/wza1/aria.js?appid=bfeaebea192374ec1f220455f8d5f952:1)
  (anonymous function) (https://static.360buyimg.com/item/assets/oldman/wza1/aria.js?appid=bfeaebea192374ec1f220455f8d5f952:1)
  o (https://static.360buyimg.com/item/assets/oldman/wza1/aria.js?appid=bfeaebea192374ec1f220455f8d5f952:1)
  (anonymous function) (https://static.360buyimg.com/item/assets/oldman/wza1/aria.js?appid=bfeaebea192374ec1f220455f8d5f952:1)
  o (https://static.360buyimg.com/item/assets/oldman/wza1/aria.js?appid=bfeaebea192374ec1f220455f8d5f952:1)
  (anonymous function) (https://static.360buyimg.com/item/assets/oldman/wza1/aria.js?appid=bfeaebea192374ec1f220455f8d5f952:1)

  phantomjs://platform/console++.js:263 in error
[ERROR - 2022-06-08T09:28:10.103Z] Session [a77354e0-e70c-11ec-928d-c1e2ba536491] - page.onError - msg: ReferenceError: Can't find variable: Audio

  phantomjs://platform/console++.js:263 in error
[ERROR - 2022-06-08T09:28:10.103Z] Session [a77354e0-e70c-11ec-928d-c1e2ba536491] - page.onError - stack:
  (anonymous function) (https://static.360buyimg.com/item/assets/oldman/wza1/aria.js?appid=bfeaebea192374ec1f220455f8d5f952:1)
  o (https://static.360buyimg.com/item/assets/oldman/wza1/aria.js?appid=bfeaebea192374ec1f220455f8d5f952:1)
  (anonymous function) (https://static.360buyimg.com/item/assets/oldman/wza1/aria.js?appid=bfeaebea192374ec1f220455f8d5f952:1)
  o (https://static.360buyimg.com/item/assets/oldman/wza1/aria.js?appid=bfeaebea192374ec1f220455f8d5f952:1)
  (anonymous function) (https://static.360buyimg.com/item/assets/oldman/wza1/aria.js?appid=bfeaebea192374ec1f220455f8d5f952:1)
  o (https://static.360buyimg.com/item/assets/oldman/wza1/aria.js?appid=bfeaebea192374ec1f220455f8d5f952:1)
  (anonymous function) (https://static.360buyimg.com/item/assets/oldman/wza1/aria.js?appid=bfeaebea192374ec1f220455f8d5f952:1)
  o (https://static.360buyimg.com/item/assets/oldman/wza1/aria.js?appid=bfeaebea192374ec1f220455f8d5f952:1)
  (anonymous function) (https://static.360buyimg.com/item/assets/oldman/wza1/aria.js?appid=bfeaebea192374ec1f220455f8d5f952:1)
  o (https://static.360buyimg.com/item/assets/oldman/wza1/aria.js?appid=bfeaebea192374ec1f220455f8d5f952:1)
  (anonymous function) (https://static.360buyimg.com/item/assets/oldman/wza1/aria.js?appid=bfeaebea192374ec1f220455f8d5f952:1)

  phantomjs://platform/console++.js:263 in error
[ERROR - 2022-06-08T09:28:26.503Z] Session [a77354e0-e70c-11ec-928d-c1e2ba536491] - page.onError - msg: ReferenceError: Can't find variable: Audio

  phantomjs://platform/console++.js:263 in error
[ERROR - 2022-06-08T09:28:26.503Z] Session [a77354e0-e70c-11ec-928d-c1e2ba536491] - page.onError - stack:
  (anonymous function) (https://static.360buyimg.com/item/assets/oldman/wza1/aria.js?appid=bfeaebea192374ec1f220455f8d5f952:1)
  o (https://static.360buyimg.com/item/assets/oldman/wza1/aria.js?appid=bfeaebea192374ec1f220455f8d5f952:1)
  (anonymous function) (https://static.360buyimg.com/item/assets/oldman/wza1/aria.js?appid=bfeaebea192374ec1f220455f8d5f952:1)
  o (https://static.360buyimg.com/item/assets/oldman/wza1/aria.js?appid=bfeaebea192374ec1f220455f8d5f952:1)
  (anonymous function) (https://static.360buyimg.com/item/assets/oldman/wza1/aria.js?appid=bfeaebea192374ec1f220455f8d5f952:1)
  o (https://static.360buyimg.com/item/assets/oldman/wza1/aria.js?appid=bfeaebea192374ec1f220455f8d5f952:1)
  (anonymous function) (https://static.360buyimg.com/item/assets/oldman/wza1/aria.js?appid=bfeaebea192374ec1f220455f8d5f952:1)
  o (https://static.360buyimg.com/item/assets/oldman/wza1/aria.js?appid=bfeaebea192374ec1f220455f8d5f952:1)
  (anonymous function) (https://static.360buyimg.com/item/assets/oldman/wza1/aria.js?appid=bfeaebea192374ec1f220455f8d5f952:1)
  o (https://static.360buyimg.com/item/assets/oldman/wza1/aria.js?appid=bfeaebea192374ec1f220455f8d5f952:1)
  (anonymous function) (https://static.360buyimg.com/item/assets/oldman/wza1/aria.js?appid=bfeaebea192374ec1f220455f8d5f952:1)

  phantomjs://platform/console++.js:263 in error
[INFO  - 2022-06-08T09:28:27.183Z] SessionManagerReqHand - _cleanupWindowlessSessions - Asynchronous Sessions clean-up phase starting NOW
[ERROR - 2022-06-08T09:28:34.992Z] Session [a77354e0-e70c-11ec-928d-c1e2ba536491] - page.onError - msg: ReferenceError: Can't find variable: Audio

  phantomjs://platform/console++.js:263 in error
[ERROR - 2022-06-08T09:28:34.992Z] Session [a77354e0-e70c-11ec-928d-c1e2ba536491] - page.onError - stack:
  (anonymous function) (https://static.360buyimg.com/item/assets/oldman/wza1/aria.js?appid=bfeaebea192374ec1f220455f8d5f952:1)
  o (https://static.360buyimg.com/item/assets/oldman/wza1/aria.js?appid=bfeaebea192374ec1f220455f8d5f952:1)
  (anonymous function) (https://static.360buyimg.com/item/assets/oldman/wza1/aria.js?appid=bfeaebea192374ec1f220455f8d5f952:1)
  o (https://static.360buyimg.com/item/assets/oldman/wza1/aria.js?appid=bfeaebea192374ec1f220455f8d5f952:1)
  (anonymous function) (https://static.360buyimg.com/item/assets/oldman/wza1/aria.js?appid=bfeaebea192374ec1f220455f8d5f952:1)
  o (https://static.360buyimg.com/item/assets/oldman/wza1/aria.js?appid=bfeaebea192374ec1f220455f8d5f952:1)
  (anonymous function) (https://static.360buyimg.com/item/assets/oldman/wza1/aria.js?appid=bfeaebea192374ec1f220455f8d5f952:1)
  o (https://static.360buyimg.com/item/assets/oldman/wza1/aria.js?appid=bfeaebea192374ec1f220455f8d5f952:1)
  (anonymous function) (https://static.360buyimg.com/item/assets/oldman/wza1/aria.js?appid=bfeaebea192374ec1f220455f8d5f952:1)
  o (https://static.360buyimg.com/item/assets/oldman/wza1/aria.js?appid=bfeaebea192374ec1f220455f8d5f952:1)
  (anonymous function) (https://static.360buyimg.com/item/assets/oldman/wza1/aria.js?appid=bfeaebea192374ec1f220455f8d5f952:1)

  phantomjs://platform/console++.js:263 in error
[INFO  - 2022-06-08T09:33:27.186Z] SessionManagerReqHand - _cleanupWindowlessSessions - Asynchronous Sessions clean-up phase starting NOW
[INFO  - 2022-06-08T09:38:27.185Z] SessionManagerReqHand - _cleanupWindowlessSessions - Asynchronous Sessions clean-up phase starting NOW
[INFO  - 2022-06-08T09:43:27.187Z] SessionManagerReqHand - _cleanupWindowlessSessions - Asynchronous Sessions clean-up phase starting NOW
[INFO  - 2022-06-08T09:48:27.186Z] SessionManagerReqHand - _cleanupWindowlessSessions - Asynchronous Sessions clean-up phase starting NOW
[INFO  - 2022-06-08T09:53:27.187Z] SessionManagerReqHand - _cleanupWindowlessSessions - Asynchronous Sessions clean-up phase starting NOW
[INFO  - 2022-06-08T09:58:27.187Z] SessionManagerReqHand - _cleanupWindowlessSessions - Asynchronous Sessions clean-up phase starting NOW
[INFO  - 2022-06-08T10:03:27.187Z] SessionManagerReqHand - _cleanupWindowlessSessions - Asynchronous Sessions clean-up phase starting NOW
[INFO  - 2022-06-08T10:08:27.189Z] SessionManagerReqHand - _cleanupWindowlessSessions - Asynchronous Sessions clean-up phase starting NOW
[INFO  - 2022-06-08T10:13:27.193Z] SessionManagerReqHand - _cleanupWindowlessSessions - Asynchronous Sessions clean-up phase starting NOW
[INFO  - 2022-06-08T10:18:27.198Z] SessionManagerReqHand - _cleanupWindowlessSessions - Asynchronous Sessions clean-up phase starting NOW
[INFO  - 2022-06-08T10:23:27.198Z] SessionManagerReqHand - _cleanupWindowlessSessions - Asynchronous Sessions clean-up phase starting NOW
